
ROM used:   206/8192 (3%)
            206/8192 (3%) including unused fragments

            0.2 Average locations per line
            7.9 Average locations per statement

RAM used:   10/368 (3%) at main() level
            11/368 (3%) worst case

Stack used: 0 worst case (0 in main + 0 for interrupts)
Stack size: 8

Lines Stmts  %   Files
----- ----- ---  -----
   44    26 100  PCF8574.c
  796     0   0  ..\..\..\..\..\Program Files (x86)\PICC\Devices\16F887.h
----- -----
  840    26 Total

Page ROM  %  RAM    Vol Diff  Functions:
---- --- --- ---    --- ----  ----------
0     20  10    1             @delay_ms1
0     18   9    1             @I2C_WRITEU_129
0     18   9    1             @I2C_READU_129
0    146  71    1    553  4.3  main
 Inline         0             @cinit1

Program metrics:
    Functions               1
    Statements              26
    Comments                137
    Volume (V)              563
    Difficulty (D)          3.9
    Effort to implement (E) 2211
    Time to implement (T)   2 minutes
    Est Delivered Bugs (B)  0
    Cyclomatic Complexity   1
    Maintainability (MI)    52

 Segment     Used  Free
-----------  ----  ----
00000-00003     4  0  
00004-007FF   202  1842  
00800-00FFF     0  2048  
01000-017FF     0  2048  
01800-01FFF     0  2048  



