
ROM used:   275/8192 (3%)
            275/8192 (3%) including unused fragments

            0.3 Average locations per line
            16.2 Average locations per statement

RAM used:   17/368 (5%) at main() level
            27/368 (7%) worst case

Stack used: 0 worst case (0 in main + 0 for interrupts)
Stack size: 8

Lines Stmts  %   Files
----- ----- ---  -----
   43    17 100  SigGen.c
  796     0   0  ..\..\..\..\..\..\Program Files (x86)\PICC\Devices\16F887.h
----- -----
  839    17 Total

Page ROM  %  RAM    Vol Diff  Functions:
---- --- --- ---    --- ----  ----------
0     17   6    1             @delay_us1
0    125  45    0    173  4.2  RDA_isr
 Inline         9    236  2.8  @PRINTF_LU_9600_62_63
0     84  31    1    236  2.8  MAIN
 Inline         0             @cinit1

Program metrics:
    Functions               3
    Statements              17
    Comments                138
    Volume (V)              857
    Difficulty (D)          9.5
    Effort to implement (E) 8179
    Time to implement (T)   8 minutes
    Est Delivered Bugs (B)  0
    Cyclomatic Complexity   2
    Maintainability (MI)    69

 Segment     Used  Free
-----------  ----  ----
00000-00003     4  0  
00004-00030    45  0  
00031-007FF   226  1773  
00800-00FFF     0  2048  
01000-017FF     0  2048  
01800-01FFF     0  2048  



